Data storage initialized.

Single GPU detected. Setting up the simulation there.
Start preparing data.
Data storage initialized.

Single GPU detected. Setting up the simulation there.
Start preparing data.
Finished data prepartion.

Starting optimization.
Seed set to 2405820628

Starting individual 1 of 10 in generation 1 of 100.
Data storage initialized.

Single GPU detected. Setting up the simulation there.
Start preparing data.
Finished data prepartion.

Starting optimization.
Seed set to 3927093748

Starting individual 1 of 10 in generation 1 of 100.
Data storage initialized.

Single GPU detected. Setting up the simulation there.
Start preparing data.
Finished data prepartion.

Starting optimization.
Seed set to 3324893555

Starting individual 1 of 10 in generation 1 of 100.
Data storage initialized.

Single GPU detected. Setting up the simulation there.
Start preparing data.
Data storage initialized.

Data storage initialized.

Data storage initialized.

Single GPU detected. Setting up the simulation there.
Start preparing data.
Single GPU detected. Setting up the simulation there.
Single GPU detected. Setting up the simulation there.
Start preparing data.
Start preparing data.
Finished data prepartion.

Starting optimization.
Seed set to 3364882529

Starting individual 1 of 10 in generation 1 of 100.
Finished data prepartion.

Starting optimization.
Seed set to 1605210360

Starting individual 1 of 10 in generation 1 of 100.
Finished data prepartion.

Starting optimization.
Seed set to 1305644365

Starting individual 1 of 10 in generation 1 of 100.
Finished data prepartion.

Starting optimization.
Seed set to 1044953681

Starting individual 1 of 10 in generation 1 of 100.
Data storage initialized.

Single GPU detected. Setting up the simulation there.
Start preparing data.
Finished data prepartion.

Starting optimization.
Seed set to 3005416316

Starting individual 1 of 10 in generation 1 of 100.
Data storage initialized.

Data storage initialized.

Data storage initialized.

Data storage initialized.

Single GPU detected. Setting up the simulation there.
Start preparing data.
Single GPU detected. Setting up the simulation there.
Start preparing data.
Single GPU detected. Setting up the simulation there.
Single GPU detected. Setting up the simulation there.
Start preparing data.
Start preparing data.
Finished data prepartion.

Starting optimization.
Seed set to 308104951

Starting individual 1 of 10 in generation 1 of 100.
Finished data prepartion.

Starting optimization.
Seed set to 1779050301

Starting individual 1 of 10 in generation 1 of 100.
Finished data prepartion.

Starting optimization.
Seed set to 3996066969

Starting individual 1 of 10 in generation 1 of 100.
Finished data prepartion.

Starting optimization.
Seed set to 3616201758

Starting individual 1 of 10 in generation 1 of 100.
Data storage initialized.

Single GPU detected. Setting up the simulation there.
Start preparing data.
Finished data prepartion.

Starting optimization.
Seed set to 763138006

Starting individual 1 of 10 in generation 1 of 100.
Data storage initialized.

Data storage initialized.

Single GPU detected. Setting up the simulation there.
Start preparing data.
Data storage initialized.

Data storage initialized.

Single GPU detected. Setting up the simulation there.
Start preparing data.
Single GPU detected. Setting up the simulation there.
Single GPU detected. Setting up the simulation there.
Start preparing data.
Start preparing data.
Finished data prepartion.

Starting optimization.
Seed set to 2981049527

Starting individual 1 of 10 in generation 1 of 100.
Finished data prepartion.

Starting optimization.
Seed set to 3609833913

Starting individual 1 of 10 in generation 1 of 100.
Finished data prepartion.

Starting optimization.
Seed set to 1412485558

Starting individual 1 of 10 in generation 1 of 100.
Finished data prepartion.

Starting optimization.
Seed set to 3853205088

Starting individual 1 of 10 in generation 1 of 100.
Data storage initialized.

Single GPU detected. Setting up the simulation there.
Start preparing data.
Finished data prepartion.

Starting optimization.
Data storage initialized.

Single GPU detected. Setting up the simulation there.
Start preparing data.
Finished data prepartion.

Starting optimization.
Seed set to 141716954
Data storage initialized.

Single GPU detected. Setting up the simulation there.
Start preparing data.
Finished data prepartion.

Starting optimization.
Seed set to 844399902

Starting individual 1 of 10 in generation 1 of 100.
Data storage initialized.

Single GPU detected. Setting up the simulation there.
Start preparing data.
Finished data prepartion.

Starting optimization.
Seed set to 2015404846

Starting individual 1 of 10 in generation 1 of 100.
Data storage initialized.

Single GPU detected. Setting up the simulation there.
Start preparing data.
Finished data prepartion.

Starting optimization.
Seed set to 1946699970

Starting individual 1 of 10 in generation 1 of 100.
Data storage initialized.

Single GPU detected. Setting up the simulation there.
Start preparing data.
Finished data prepartion.

Starting optimization.
Seed set to 1270794774

Starting individual 1 of 10 in generation 1 of 100.
Data storage initialized.

Single GPU detected. Setting up the simulation there.
Start preparing data.
Finished data prepartion.

Starting optimization.
Seed set to 2124363564

Starting individual 1 of 10 in generation 1 of 100.
Data storage initialized.

Single GPU detected. Setting up the simulation there.
Data storage initialized.

Single GPU detected. Setting up the simulation there.
Start preparing data.
Finished data prepartion.

Starting optimization.
Seed set to 675789533

Starting individual 1 of 10 in generation 1 of 100.
Data storage initialized.

Single GPU detected. Setting up the simulation there.
Start preparing data.
Finished data prepartion.

Starting optimization.
Seed set to 1055538375

Starting individual 1 of 10 in generation 1 of 100.
